<?xml version="1.0" encoding="UTF-8"?>
<!-- Generated by org.testng.reporters.JUnitReportReporter -->
<testsuite hostname="MILO" failures="0" tests="1" name="PageFactory.OpenCartTest" time="3.751" errors="0" timestamp="2022-05-26T16:12:40 IST" skipped="0">
  <testcase classname="PageFactory.OpenCartTest" name="homePageTitleAppearCorrect" time="3.751"/>
  <system-out/>
</testsuite> <!-- PageFactory.OpenCartTest -->
