<?xml version="1.0" encoding="UTF-8"?>
<!-- Generated by org.testng.reporters.JUnitReportReporter -->
<testsuite hostname="MILO" failures="0" tests="1" name="DemoOpenCart.Login" time="10.024" errors="0" timestamp="2022-05-25T17:32:51 IST" skipped="0">
  <testcase classname="DemoOpenCart.Login" name="loginOpenCart" time="10.024"/>
  <system-out/>
</testsuite> <!-- DemoOpenCart.Login -->
