<?xml version="1.0" encoding="UTF-8"?>
<!-- Generated by org.testng.reporters.JUnitReportReporter -->
<testsuite hostname="MILO" failures="0" tests="1" name="POM.OHRMTest" time="5.111" errors="0" timestamp="2022-05-29T00:04:12 IST" skipped="0">
  <testcase classname="POM.OHRMTest" name="testHomePageAppearCorrect" time="5.111"/>
  <system-out/>
</testsuite> <!-- POM.OHRMTest -->
