<?xml version="1.0" encoding="UTF-8"?>
<!-- Generated by org.testng.reporters.JUnitReportReporter -->
<testsuite hostname="MILO" failures="0" tests="1" name="PageFactory.OHRMTest" time="4.775" errors="0" timestamp="2022-05-25T17:36:37 IST" skipped="0">
  <testcase classname="PageFactory.OHRMTest" name="testHomePageAppearCorrect" time="4.775"/>
  <system-out/>
</testsuite> <!-- PageFactory.OHRMTest -->
