<?xml version="1.0" encoding="UTF-8"?>
<!-- Generated by org.testng.reporters.JUnitReportReporter -->
<testsuite hostname="MILO" failures="0" tests="1" name="POM.OpenCartTest" time="3.050" errors="0" timestamp="2022-05-25T17:34:22 IST" skipped="0">
  <testcase classname="POM.OpenCartTest" name="homePageTitleAppearCorrect" time="3.050"/>
  <system-out/>
</testsuite> <!-- POM.OpenCartTest -->
