<?xml version="1.0" encoding="UTF-8"?>
<!-- Generated by org.testng.reporters.JUnitReportReporter -->
<testsuite hostname="MILO" failures="0" tests="1" name="GaadiBazaar.SearchByBudget" time="20.231" errors="0" timestamp="1 Jun 2022 04:00:14 GMT">
  <testcase classname="GaadiBazaar.SearchByBudget" name="searchGaadiBybudget" time="20.231"/>
</testsuite>
